<?xml version="1.0" encoding="UTF-8"?>
<testng-results skipped="0" failed="0" total="1" passed="1">
  <reporter-output>
  </reporter-output>
  <suite name="Suite" duration-ms="65888" started-at="2019-11-09T14:24:24Z" finished-at="2019-11-09T14:25:30Z">
    <groups>
    </groups>
    <test name="Test" duration-ms="65888" started-at="2019-11-09T14:24:24Z" finished-at="2019-11-09T14:25:30Z">
      <class name="driverFactory.DriverScript">
        <test-method status="PASS" signature="startTest()[pri:0, instance:driverFactory.DriverScript@2fc14f68]" name="startTest" duration-ms="65875" started-at="2019-11-09T19:54:24Z" finished-at="2019-11-09T19:55:30Z">
          <reporter-output>
          </reporter-output>
        </test-method> <!-- startTest -->
      </class> <!-- driverFactory.DriverScript -->
    </test> <!-- Test -->
  </suite> <!-- Suite -->
</testng-results>
